<?xml version="1.0" encoding="UTF-8"?>
<!-- Generated by org.testng.reporters.JUnitReportReporter -->
<testsuite hostname="Arrows" failures="0" tests="1" name="com.w3schools.tests.LoginTest" time="14.157" errors="0" timestamp="2023-08-23T00:15:29 IST" skipped="0">
  <testcase classname="com.w3schools.tests.LoginTest" name="login" time="14.157"/>
</testsuite> <!-- com.w3schools.tests.LoginTest -->
