<?xml version="1.0" encoding="UTF-8"?>
<!-- Generated by org.testng.reporters.JUnitReportReporter -->
<testsuite hostname="Arrows" failures="0" tests="1" name="com.w3schools.utils.BaseClass" time="0.039" errors="0" timestamp="2023-08-18T11:34:26 IST" skipped="0">
  <testcase classname="com.w3schools.utils.BaseClass" name="waitForMe" time="0.039"/>
</testsuite> <!-- com.w3schools.utils.BaseClass -->
