<?xml version="1.0" encoding="UTF-8"?>
<!-- Generated by org.testng.reporters.JUnitReportReporter -->
<testsuite hostname="DESKTOP-93A06J6" failures="0" tests="1" name="com.w3schools.tests.LoginTest" time="52.152" errors="0" timestamp="2023-08-23T08:25:44 IST" skipped="0">
  <testcase classname="com.w3schools.tests.LoginTest" name="login" time="52.152"/>
</testsuite> <!-- com.w3schools.tests.LoginTest -->
